2023-05-10T05:18:11.430287Z 0 [Warning] [MY-010097] [Server] Insecure configuration for --secure-file-priv: Current value does not restrict location of generated files. Consider setting it to a valid, non-empty path.
2023-05-10T05:18:11.430340Z 0 [Warning] [MY-010918] [Server] 'default_authentication_plugin' is deprecated and will be removed in a future release. Please use authentication_policy instead.
2023-05-10T05:18:11.430368Z 0 [System] [MY-010116] [Server] C:\laragon\bin\mysql\mysql-8.0.30-winx64\bin\mysqld (mysqld 8.0.30) starting as process 9760
2023-05-10T05:18:11.462786Z 1 [System] [MY-013576] [InnoDB] InnoDB initialization has started.
2023-05-10T05:18:11.867058Z 1 [System] [MY-013577] [InnoDB] InnoDB initialization has ended.
2023-05-10T05:18:12.432153Z 0 [Warning] [MY-013829] [Server] Missing data directory for ICU regular expressions: C:\laragon\bin\mysql\mysql-8.0.30-winx64\lib\private\.
2023-05-10T05:18:12.436563Z 0 [Warning] [MY-010068] [Server] CA certificate ca.pem is self signed.
2023-05-10T05:18:12.437577Z 0 [System] [MY-013602] [Server] Channel mysql_main configured to support TLS. Encrypted connections are now supported for this channel.
2023-05-10T05:18:12.492731Z 0 [System] [MY-010931] [Server] C:\laragon\bin\mysql\mysql-8.0.30-winx64\bin\mysqld: ready for connections. Version: '8.0.30'  socket: ''  port: 3306  MySQL Community Server - GPL.
2023-05-10T05:18:12.492863Z 0 [System] [MY-011323] [Server] X Plugin ready for connections. Bind-address: '::' port: 33060
2023-05-10T05:25:37.294869Z 8 [System] [MY-013172] [Server] Received SHUTDOWN from user root. Shutting down mysqld (Version: 8.0.30).
2023-05-10T05:25:37.295721Z 0 [System] [MY-013105] [Server] C:\laragon\bin\mysql\mysql-8.0.30-winx64\bin\mysqld: Normal shutdown.
2023-05-10T05:25:38.122126Z 0 [System] [MY-010910] [Server] C:\laragon\bin\mysql\mysql-8.0.30-winx64\bin\mysqld: Shutdown complete (mysqld 8.0.30)  MySQL Community Server - GPL.
2023-05-10T05:28:36.308761Z 0 [Warning] [MY-010097] [Server] Insecure configuration for --secure-file-priv: Current value does not restrict location of generated files. Consider setting it to a valid, non-empty path.
2023-05-10T05:28:36.308813Z 0 [Warning] [MY-010918] [Server] 'default_authentication_plugin' is deprecated and will be removed in a future release. Please use authentication_policy instead.
2023-05-10T05:28:36.308840Z 0 [System] [MY-010116] [Server] C:\laragon\bin\mysql\mysql-8.0.30-winx64\bin\mysqld (mysqld 8.0.30) starting as process 5780
2023-05-10T05:28:36.347200Z 1 [System] [MY-013576] [InnoDB] InnoDB initialization has started.
2023-05-10T05:28:36.655032Z 1 [System] [MY-013577] [InnoDB] InnoDB initialization has ended.
2023-05-10T05:28:37.009888Z 0 [Warning] [MY-013829] [Server] Missing data directory for ICU regular expressions: C:\laragon\bin\mysql\mysql-8.0.30-winx64\lib\private\.
2023-05-10T05:28:37.015462Z 0 [Warning] [MY-010068] [Server] CA certificate ca.pem is self signed.
2023-05-10T05:28:37.016020Z 0 [System] [MY-013602] [Server] Channel mysql_main configured to support TLS. Encrypted connections are now supported for this channel.
2023-05-10T05:28:37.064024Z 0 [System] [MY-011323] [Server] X Plugin ready for connections. Bind-address: '::' port: 33060
2023-05-10T05:28:37.064147Z 0 [System] [MY-010931] [Server] C:\laragon\bin\mysql\mysql-8.0.30-winx64\bin\mysqld: ready for connections. Version: '8.0.30'  socket: ''  port: 3306  MySQL Community Server - GPL.
